<?xml version="1.0" encoding="UTF-8" ?>
<testsuite tests="4" failures="0" name="TestRunner.TestRun" time="153.838" errors="0" skipped="0">
  <properties>
[...]
</properties>
  <testcase classname="Customers" name="Add a new Customer" time="39.12"/>
  <testcase classname="Customers" name="Search Customer by EMailID" time="47.049"/>
  <testcase classname="Customers" name="Search Customer by Name" time="46.322"/>
  <testcase classname="Login" name="Successful Login with valid Credentials" time="21.347"/>
</testsuite>